Copyright 1986-2022 Xilinx, Inc. All Rights Reserved. Copyright 2022-2025 Advanced Micro Devices, Inc. All Rights Reserved.
---------------------------------------------------------------------------------------------------------------------------------------------------------------------------------------------------------------------------------------------------
| Tool Version : Vivado v.2025.2 (lin64) Build 6299465 Fri Nov 14 12:34:56 MST 2025
| Date         : Fri Jun 12 17:33:18 2026
| Host         : main running 64-bit Ubuntu 24.04.4 LTS
| Command      : report_timing -through [get_nets -hier -quiet *regfile_alu_wdata_fw*] -max_paths 20 -path_type summary -file /home/jason/Desktop/ECE494-Microprocessor-Design/reports/fresh-impl-baseline/timing_through_regfile_alu_wdata_fw.rpt
| Design       : zedboard_cv32e40p_wrapper
| Device       : 7z020-clg484
| Speed File   : -1  PRODUCTION 1.12 2019-11-22
| Design State : Routed
---------------------------------------------------------------------------------------------------------------------------------------------------------------------------------------------------------------------------------------------------

Timing Report

Startpoint                     Endpoint                       Slack(ns)     
----------------------------------------------------------------------------
core_i/core_i/id_stage_i/alu_operator_ex_o_reg[5]/C
                               core_i/core_i/id_stage_i/mult_operand_b_ex_o_reg[11]/D
                                                              0.312         
core_i/core_i/id_stage_i/alu_operator_ex_o_reg[5]/C
                               core_i/core_i/id_stage_i/alu_operand_b_ex_o_reg[25]/D
                                                              0.390         
core_i/core_i/id_stage_i/alu_operator_ex_o_reg[5]/C
                               core_i/core_i/id_stage_i/mult_operand_b_ex_o_reg[3]/D
                                                              0.434         
core_i/core_i/id_stage_i/alu_operator_ex_o_reg[5]/C
                               core_i/core_i/id_stage_i/mult_operand_b_ex_o_reg[7]/D
                                                              0.490         
core_i/core_i/id_stage_i/alu_operator_ex_o_reg[5]/C
                               core_i/core_i/id_stage_i/mult_operand_c_ex_o_reg[11]/D
                                                              0.591         
core_i/core_i/id_stage_i/alu_operator_ex_o_reg[5]/C
                               core_i/core_i/id_stage_i/mult_operand_c_ex_o_reg[25]/D
                                                              0.621         
core_i/core_i/id_stage_i/alu_operator_ex_o_reg[5]/C
                               core_i/core_i/id_stage_i/mult_operand_b_ex_o_reg[13]/D
                                                              0.623         
core_i/core_i/id_stage_i/alu_operator_ex_o_reg[5]/C
                               core_i/core_i/id_stage_i/mult_operand_b_ex_o_reg[10]/D
                                                              0.629         
core_i/core_i/id_stage_i/alu_operator_ex_o_reg[5]/C
                               core_i/core_i/id_stage_i/alu_operand_b_ex_o_reg[27]/D
                                                              0.642         
core_i/core_i/id_stage_i/alu_operator_ex_o_reg[5]/C
                               core_i/core_i/id_stage_i/mult_operand_b_ex_o_reg[2]/D
                                                              0.645         
core_i/core_i/id_stage_i/alu_operator_ex_o_reg[5]/C
                               core_i/core_i/id_stage_i/mult_operand_b_ex_o_reg[0]/D
                                                              0.673         
core_i/core_i/id_stage_i/mult_operand_a_ex_o_reg[1]/C
                               core_i/core_i/id_stage_i/alu_operand_c_ex_o_reg[31]/D
                                                              0.673         
core_i/core_i/id_stage_i/mult_operand_a_ex_o_reg[1]/C
                               core_i/core_i/id_stage_i/mult_operand_c_ex_o_reg[31]/D
                                                              0.678         
core_i/core_i/id_stage_i/alu_operator_ex_o_reg[5]/C
                               core_i/core_i/id_stage_i/mult_operand_c_ex_o_reg[7]/D
                                                              0.702         
core_i/core_i/id_stage_i/alu_operator_ex_o_reg[5]/C
                               core_i/core_i/id_stage_i/mult_operand_b_ex_o_reg[27]/D
                                                              0.704         
core_i/core_i/id_stage_i/alu_operator_ex_o_reg[5]/C
                               core_i/core_i/id_stage_i/mult_operand_b_ex_o_reg[30]/D
                                                              0.706         
core_i/core_i/id_stage_i/alu_operator_ex_o_reg[5]/C
                               core_i/core_i/id_stage_i/mult_operand_b_ex_o_reg[1]/D
                                                              0.709         
core_i/core_i/id_stage_i/mult_operand_a_ex_o_reg[1]/C
                               core_i/core_i/id_stage_i/mult_operand_b_ex_o_reg[31]/D
                                                              0.713         
core_i/core_i/id_stage_i/alu_operator_ex_o_reg[5]/C
                               core_i/core_i/id_stage_i/mult_operand_b_ex_o_reg[25]/D
                                                              0.717         
core_i/core_i/id_stage_i/alu_operator_ex_o_reg[5]/C
                               core_i/core_i/id_stage_i/alu_operand_c_ex_o_reg[27]/D
                                                              0.750         



