Copyright 1986-2022 Xilinx, Inc. All Rights Reserved.
--------------------------------------------------------------------------------------------------------------------------------------------------------------------------------------------------------------------------------------------------------------
| Tool Version : Vivado v.2022.2 (lin64) Build 3671981 Fri Oct 14 04:59:54 MDT 2022
| Date         : Wed Jun 17 13:26:12 2026
| Host         : TsiantosDPC running 64-bit Ubuntu 22.04.5 LTS
| Command      : report_timing -delay_type max -sort_by slack -max_paths 10 -nworst 1 -path_type full_clock_expanded -file /home/tsiantosd/Desktop/TsiantosD/HERMES/workspace/ECE494-Microprocessor-Design/reports/no-mul-forwarding/critical_paths_top10.rpt
| Design       : zedboard_cv32e40p_wrapper
| Device       : 7z020-clg484
| Speed File   : -1  PRODUCTION 1.12 2019-11-22
--------------------------------------------------------------------------------------------------------------------------------------------------------------------------------------------------------------------------------------------------------------

Timing Report

Slack (MET) :             0.091ns  (required time - arrival time)
  Source:                 core_i/core_i/id_stage_i/alu_operand_a_ex_o_reg[31]/C
                            (rising edge-triggered cell FDCE clocked by clk_i  {rise@0.000ns fall@7.000ns period=14.000ns})
  Destination:            core_i/core_i/id_stage_i/alu_operand_a_ex_o_reg[28]/D
                            (rising edge-triggered cell FDCE clocked by clk_i  {rise@0.000ns fall@7.000ns period=14.000ns})
  Path Group:             clk_i
  Path Type:              Setup (Max at Slow Process Corner)
  Requirement:            14.000ns  (clk_i rise@14.000ns - clk_i rise@0.000ns)
  Data Path Delay:        13.773ns  (logic 2.676ns (19.429%)  route 11.097ns (80.571%))
  Logic Levels:           14  (LUT5=4 LUT6=9 MUXF7=1)
  Clock Path Skew:        -0.145ns (DCD - SCD + CPR)
    Destination Clock Delay (DCD):    2.709ns = ( 16.709 - 14.000 ) 
    Source Clock Delay      (SCD):    2.975ns
    Clock Pessimism Removal (CPR):    0.121ns
  Clock Uncertainty:      0.035ns  ((TSJ^2 + TIJ^2)^1/2 + DJ) / 2 + PE
    Total System Jitter     (TSJ):    0.071ns
    Total Input Jitter      (TIJ):    0.000ns
    Discrete Jitter          (DJ):    0.000ns
    Phase Error              (PE):    0.000ns

    Location             Delay type                Incr(ns)  Path(ns)    Netlist Resource(s)
  -------------------------------------------------------------------    -------------------
                         (clock clk_i rise edge)      0.000     0.000 r  
    Y9                                                0.000     0.000 r  clk_i (IN)
                         net (fo=0)                   0.000     0.000    clk_i
    Y9                   IBUF (Prop_ibuf_I_O)         1.490     1.490 r  clk_i_IBUF_inst/O
                         net (fo=1, unplaced)         0.800     2.290    clk_i_IBUF
                         BUFG (Prop_bufg_I_O)         0.101     2.391 r  clk_i_IBUF_BUFG_inst/O
                         net (fo=2106, unplaced)      0.584     2.975    core_i/core_i/id_stage_i/clk_i_IBUF_BUFG
                         FDCE                                         r  core_i/core_i/id_stage_i/alu_operand_a_ex_o_reg[31]/C
  -------------------------------------------------------------------    -------------------
                         FDCE (Prop_fdce_C_Q)         0.478     3.453 r  core_i/core_i/id_stage_i/alu_operand_a_ex_o_reg[31]/Q
                         net (fo=97, unplaced)        1.064     4.517    core_i/core_i/id_stage_i/Q[31]
                         LUT6 (Prop_lut6_I0_O)        0.295     4.812 f  core_i/core_i/id_stage_i/Cnt_DP[5]_i_38/O
                         net (fo=2, unplaced)         1.122     5.934    core_i/core_i/id_stage_i/register_file_i/Cnt_DP[4]_i_11
                         LUT5 (Prop_lut5_I0_O)        0.124     6.058 f  core_i/core_i/id_stage_i/register_file_i/Cnt_DP[5]_i_18/O
                         net (fo=5, unplaced)         1.139     7.197    core_i/core_i/id_stage_i/register_file_i/alu_operand_a_ex_o_reg[31]_0
                         LUT5 (Prop_lut5_I0_O)        0.124     7.321 r  core_i/core_i/id_stage_i/register_file_i/Cnt_DP[5]_i_10/O
                         net (fo=8, unplaced)         0.940     8.261    core_i/core_i/id_stage_i/ex_stage_i/alu_i/ff1_result[4]
                         LUT6 (Prop_lut6_I3_O)        0.124     8.385 r  core_i/core_i/id_stage_i/Cnt_DP[4]_i_6/O
                         net (fo=13, unplaced)        0.952     9.337    core_i/core_i/id_stage_i/ex_stage_i/alu_i/ff1_result[0]
                         LUT6 (Prop_lut6_I3_O)        0.124     9.461 r  core_i/core_i/id_stage_i/Cnt_DP[3]_i_2/O
                         net (fo=2, unplaced)         0.460     9.921    core_i/core_i/id_stage_i/register_file_i/alu_operand_a_ex_o[26]_i_19[2]
                         LUT5 (Prop_lut5_I0_O)        0.124    10.045 r  core_i/core_i/id_stage_i/register_file_i/BReg_DP[31]_i_20/O
                         net (fo=82, unplaced)        1.206    11.251    core_i/core_i/id_stage_i/register_file_i/alu_operand_b_ex_o_reg[3]_1
                         LUT6 (Prop_lut6_I2_O)        0.124    11.375 f  core_i/core_i/id_stage_i/register_file_i/BReg_DP[31]_i_16/O
                         net (fo=3, unplaced)         0.920    12.295    core_i/core_i/id_stage_i/register_file_i/BReg_DP[31]_i_16_n_0
                         LUT6 (Prop_lut6_I1_O)        0.124    12.419 f  core_i/core_i/id_stage_i/register_file_i/BReg_DP[29]_i_2/O
                         net (fo=7, unplaced)         0.937    13.356    core_i/core_i/id_stage_i/register_file_i/alu_en_ex_o_reg
                         LUT6 (Prop_lut6_I1_O)        0.124    13.480 r  core_i/core_i/id_stage_i/register_file_i/gen_rf[31].mem[31][28]_i_11/O
                         net (fo=1, unplaced)         0.902    14.382    core_i/core_i/id_stage_i/register_file_i/gen_rf[31].mem[31][28]_i_11_n_0
                         LUT6 (Prop_lut6_I0_O)        0.124    14.506 r  core_i/core_i/id_stage_i/register_file_i/gen_rf[31].mem[31][28]_i_7/O
                         net (fo=1, unplaced)         0.449    14.955    core_i/core_i/id_stage_i/register_file_i/gen_rf[31].mem[31][28]_i_7_n_0
                         LUT6 (Prop_lut6_I3_O)        0.124    15.079 r  core_i/core_i/id_stage_i/register_file_i/gen_rf[31].mem[31][28]_i_4/O
                         net (fo=1, unplaced)         0.000    15.079    core_i/core_i/id_stage_i/register_file_i/gen_rf[31].mem[31][28]_i_4_n_0
                         MUXF7 (Prop_muxf7_I0_O)      0.241    15.320 r  core_i/core_i/id_stage_i/register_file_i/gen_rf[31].mem_reg[31][28]_i_2/O
                         net (fo=34, unplaced)        0.525    15.845    core_i/core_i/id_stage_i/register_file_i/csr_access_ex_o_reg_19
                         LUT5 (Prop_lut5_I3_O)        0.298    16.143 f  core_i/core_i/id_stage_i/register_file_i/alu_operand_a_ex_o[28]_i_4/O
                         net (fo=6, unplaced)         0.481    16.624    core_i/core_i/id_stage_i/register_file_i/instr_rdata_id_o_reg[24]_13
                         LUT6 (Prop_lut6_I4_O)        0.124    16.748 r  core_i/core_i/id_stage_i/register_file_i/alu_operand_a_ex_o[28]_i_1/O
                         net (fo=1, unplaced)         0.000    16.748    core_i/core_i/id_stage_i/p_1_in__0[28]
                         FDCE                                         r  core_i/core_i/id_stage_i/alu_operand_a_ex_o_reg[28]/D
  -------------------------------------------------------------------    -------------------

                         (clock clk_i rise edge)     14.000    14.000 r  
    Y9                                                0.000    14.000 r  clk_i (IN)
                         net (fo=0)                   0.000    14.000    clk_i
    Y9                   IBUF (Prop_ibuf_I_O)         1.420    15.420 r  clk_i_IBUF_inst/O
                         net (fo=1, unplaced)         0.760    16.179    clk_i_IBUF
                         BUFG (Prop_bufg_I_O)         0.091    16.270 r  clk_i_IBUF_BUFG_inst/O
                         net (fo=2106, unplaced)      0.439    16.709    core_i/core_i/id_stage_i/clk_i_IBUF_BUFG
                         FDCE                                         r  core_i/core_i/id_stage_i/alu_operand_a_ex_o_reg[28]/C
                         clock pessimism              0.121    16.830    
                         clock uncertainty           -0.035    16.795    
                         FDCE (Setup_fdce_C_D)        0.044    16.839    core_i/core_i/id_stage_i/alu_operand_a_ex_o_reg[28]
  -------------------------------------------------------------------
                         required time                         16.839    
                         arrival time                         -16.748    
  -------------------------------------------------------------------
                         slack                                  0.091    

Slack (MET) :             0.091ns  (required time - arrival time)
  Source:                 core_i/core_i/id_stage_i/alu_operand_a_ex_o_reg[31]/C
                            (rising edge-triggered cell FDCE clocked by clk_i  {rise@0.000ns fall@7.000ns period=14.000ns})
  Destination:            core_i/core_i/id_stage_i/alu_operand_c_ex_o_reg[28]/D
                            (rising edge-triggered cell FDCE clocked by clk_i  {rise@0.000ns fall@7.000ns period=14.000ns})
  Path Group:             clk_i
  Path Type:              Setup (Max at Slow Process Corner)
  Requirement:            14.000ns  (clk_i rise@14.000ns - clk_i rise@0.000ns)
  Data Path Delay:        13.773ns  (logic 2.676ns (19.429%)  route 11.097ns (80.571%))
  Logic Levels:           14  (LUT5=5 LUT6=8 MUXF7=1)
  Clock Path Skew:        -0.145ns (DCD - SCD + CPR)
    Destination Clock Delay (DCD):    2.709ns = ( 16.709 - 14.000 ) 
    Source Clock Delay      (SCD):    2.975ns
    Clock Pessimism Removal (CPR):    0.121ns
  Clock Uncertainty:      0.035ns  ((TSJ^2 + TIJ^2)^1/2 + DJ) / 2 + PE
    Total System Jitter     (TSJ):    0.071ns
    Total Input Jitter      (TIJ):    0.000ns
    Discrete Jitter          (DJ):    0.000ns
    Phase Error              (PE):    0.000ns

    Location             Delay type                Incr(ns)  Path(ns)    Netlist Resource(s)
  -------------------------------------------------------------------    -------------------
                         (clock clk_i rise edge)      0.000     0.000 r  
    Y9                                                0.000     0.000 r  clk_i (IN)
                         net (fo=0)                   0.000     0.000    clk_i
    Y9                   IBUF (Prop_ibuf_I_O)         1.490     1.490 r  clk_i_IBUF_inst/O
                         net (fo=1, unplaced)         0.800     2.290    clk_i_IBUF
                         BUFG (Prop_bufg_I_O)         0.101     2.391 r  clk_i_IBUF_BUFG_inst/O
                         net (fo=2106, unplaced)      0.584     2.975    core_i/core_i/id_stage_i/clk_i_IBUF_BUFG
                         FDCE                                         r  core_i/core_i/id_stage_i/alu_operand_a_ex_o_reg[31]/C
  -------------------------------------------------------------------    -------------------
                         FDCE (Prop_fdce_C_Q)         0.478     3.453 r  core_i/core_i/id_stage_i/alu_operand_a_ex_o_reg[31]/Q
                         net (fo=97, unplaced)        1.064     4.517    core_i/core_i/id_stage_i/Q[31]
                         LUT6 (Prop_lut6_I0_O)        0.295     4.812 f  core_i/core_i/id_stage_i/Cnt_DP[5]_i_38/O
                         net (fo=2, unplaced)         1.122     5.934    core_i/core_i/id_stage_i/register_file_i/Cnt_DP[4]_i_11
                         LUT5 (Prop_lut5_I0_O)        0.124     6.058 f  core_i/core_i/id_stage_i/register_file_i/Cnt_DP[5]_i_18/O
                         net (fo=5, unplaced)         1.139     7.197    core_i/core_i/id_stage_i/register_file_i/alu_operand_a_ex_o_reg[31]_0
                         LUT5 (Prop_lut5_I0_O)        0.124     7.321 r  core_i/core_i/id_stage_i/register_file_i/Cnt_DP[5]_i_10/O
                         net (fo=8, unplaced)         0.940     8.261    core_i/core_i/id_stage_i/ex_stage_i/alu_i/ff1_result[4]
                         LUT6 (Prop_lut6_I3_O)        0.124     8.385 r  core_i/core_i/id_stage_i/Cnt_DP[4]_i_6/O
                         net (fo=13, unplaced)        0.952     9.337    core_i/core_i/id_stage_i/ex_stage_i/alu_i/ff1_result[0]
                         LUT6 (Prop_lut6_I3_O)        0.124     9.461 r  core_i/core_i/id_stage_i/Cnt_DP[3]_i_2/O
                         net (fo=2, unplaced)         0.460     9.921    core_i/core_i/id_stage_i/register_file_i/alu_operand_a_ex_o[26]_i_19[2]
                         LUT5 (Prop_lut5_I0_O)        0.124    10.045 r  core_i/core_i/id_stage_i/register_file_i/BReg_DP[31]_i_20/O
                         net (fo=82, unplaced)        1.206    11.251    core_i/core_i/id_stage_i/register_file_i/alu_operand_b_ex_o_reg[3]_1
                         LUT6 (Prop_lut6_I2_O)        0.124    11.375 f  core_i/core_i/id_stage_i/register_file_i/BReg_DP[31]_i_16/O
                         net (fo=3, unplaced)         0.920    12.295    core_i/core_i/id_stage_i/register_file_i/BReg_DP[31]_i_16_n_0
                         LUT6 (Prop_lut6_I1_O)        0.124    12.419 f  core_i/core_i/id_stage_i/register_file_i/BReg_DP[29]_i_2/O
                         net (fo=7, unplaced)         0.937    13.356    core_i/core_i/id_stage_i/register_file_i/alu_en_ex_o_reg
                         LUT6 (Prop_lut6_I1_O)        0.124    13.480 r  core_i/core_i/id_stage_i/register_file_i/gen_rf[31].mem[31][28]_i_11/O
                         net (fo=1, unplaced)         0.902    14.382    core_i/core_i/id_stage_i/register_file_i/gen_rf[31].mem[31][28]_i_11_n_0
                         LUT6 (Prop_lut6_I0_O)        0.124    14.506 r  core_i/core_i/id_stage_i/register_file_i/gen_rf[31].mem[31][28]_i_7/O
                         net (fo=1, unplaced)         0.449    14.955    core_i/core_i/id_stage_i/register_file_i/gen_rf[31].mem[31][28]_i_7_n_0
                         LUT6 (Prop_lut6_I3_O)        0.124    15.079 r  core_i/core_i/id_stage_i/register_file_i/gen_rf[31].mem[31][28]_i_4/O
                         net (fo=1, unplaced)         0.000    15.079    core_i/core_i/id_stage_i/register_file_i/gen_rf[31].mem[31][28]_i_4_n_0
                         MUXF7 (Prop_muxf7_I0_O)      0.241    15.320 r  core_i/core_i/id_stage_i/register_file_i/gen_rf[31].mem_reg[31][28]_i_2/O
                         net (fo=34, unplaced)        0.525    15.845    core_i/core_i/id_stage_i/register_file_i/csr_access_ex_o_reg_19
                         LUT5 (Prop_lut5_I3_O)        0.298    16.143 f  core_i/core_i/id_stage_i/register_file_i/alu_operand_a_ex_o[28]_i_4/O
                         net (fo=6, unplaced)         0.481    16.624    core_i/core_i/if_stage_i/mult_operand_a_ex_o_reg[28]_0
                         LUT5 (Prop_lut5_I1_O)        0.124    16.748 r  core_i/core_i/if_stage_i/alu_operand_c_ex_o[28]_i_1/O
                         net (fo=1, unplaced)         0.000    16.748    core_i/core_i/id_stage_i/alu_operand_c_ex_o_reg[31]_0[18]
                         FDCE                                         r  core_i/core_i/id_stage_i/alu_operand_c_ex_o_reg[28]/D
  -------------------------------------------------------------------    -------------------

                         (clock clk_i rise edge)     14.000    14.000 r  
    Y9                                                0.000    14.000 r  clk_i (IN)
                         net (fo=0)                   0.000    14.000    clk_i
    Y9                   IBUF (Prop_ibuf_I_O)         1.420    15.420 r  clk_i_IBUF_inst/O
                         net (fo=1, unplaced)         0.760    16.179    clk_i_IBUF
                         BUFG (Prop_bufg_I_O)         0.091    16.270 r  clk_i_IBUF_BUFG_inst/O
                         net (fo=2106, unplaced)      0.439    16.709    core_i/core_i/id_stage_i/clk_i_IBUF_BUFG
                         FDCE                                         r  core_i/core_i/id_stage_i/alu_operand_c_ex_o_reg[28]/C
                         clock pessimism              0.121    16.830    
                         clock uncertainty           -0.035    16.795    
                         FDCE (Setup_fdce_C_D)        0.044    16.839    core_i/core_i/id_stage_i/alu_operand_c_ex_o_reg[28]
  -------------------------------------------------------------------
                         required time                         16.839    
                         arrival time                         -16.748    
  -------------------------------------------------------------------
                         slack                                  0.091    

Slack (MET) :             0.091ns  (required time - arrival time)
  Source:                 core_i/core_i/id_stage_i/alu_operand_a_ex_o_reg[31]/C
                            (rising edge-triggered cell FDCE clocked by clk_i  {rise@0.000ns fall@7.000ns period=14.000ns})
  Destination:            core_i/core_i/id_stage_i/mult_operand_a_ex_o_reg[28]/D
                            (rising edge-triggered cell FDCE clocked by clk_i  {rise@0.000ns fall@7.000ns period=14.000ns})
  Path Group:             clk_i
  Path Type:              Setup (Max at Slow Process Corner)
  Requirement:            14.000ns  (clk_i rise@14.000ns - clk_i rise@0.000ns)
  Data Path Delay:        13.773ns  (logic 2.676ns (19.429%)  route 11.097ns (80.571%))
  Logic Levels:           14  (LUT5=4 LUT6=9 MUXF7=1)
  Clock Path Skew:        -0.145ns (DCD - SCD + CPR)
    Destination Clock Delay (DCD):    2.709ns = ( 16.709 - 14.000 ) 
    Source Clock Delay      (SCD):    2.975ns
    Clock Pessimism Removal (CPR):    0.121ns
  Clock Uncertainty:      0.035ns  ((TSJ^2 + TIJ^2)^1/2 + DJ) / 2 + PE
    Total System Jitter     (TSJ):    0.071ns
    Total Input Jitter      (TIJ):    0.000ns
    Discrete Jitter          (DJ):    0.000ns
    Phase Error              (PE):    0.000ns

    Location             Delay type                Incr(ns)  Path(ns)    Netlist Resource(s)
  -------------------------------------------------------------------    -------------------
                         (clock clk_i rise edge)      0.000     0.000 r  
    Y9                                                0.000     0.000 r  clk_i (IN)
                         net (fo=0)                   0.000     0.000    clk_i
    Y9                   IBUF (Prop_ibuf_I_O)         1.490     1.490 r  clk_i_IBUF_inst/O
                         net (fo=1, unplaced)         0.800     2.290    clk_i_IBUF
                         BUFG (Prop_bufg_I_O)         0.101     2.391 r  clk_i_IBUF_BUFG_inst/O
                         net (fo=2106, unplaced)      0.584     2.975    core_i/core_i/id_stage_i/clk_i_IBUF_BUFG
                         FDCE                                         r  core_i/core_i/id_stage_i/alu_operand_a_ex_o_reg[31]/C
  -------------------------------------------------------------------    -------------------
                         FDCE (Prop_fdce_C_Q)         0.478     3.453 r  core_i/core_i/id_stage_i/alu_operand_a_ex_o_reg[31]/Q
                         net (fo=97, unplaced)        1.064     4.517    core_i/core_i/id_stage_i/Q[31]
                         LUT6 (Prop_lut6_I0_O)        0.295     4.812 f  core_i/core_i/id_stage_i/Cnt_DP[5]_i_38/O
                         net (fo=2, unplaced)         1.122     5.934    core_i/core_i/id_stage_i/register_file_i/Cnt_DP[4]_i_11
                         LUT5 (Prop_lut5_I0_O)        0.124     6.058 f  core_i/core_i/id_stage_i/register_file_i/Cnt_DP[5]_i_18/O
                         net (fo=5, unplaced)         1.139     7.197    core_i/core_i/id_stage_i/register_file_i/alu_operand_a_ex_o_reg[31]_0
                         LUT5 (Prop_lut5_I0_O)        0.124     7.321 r  core_i/core_i/id_stage_i/register_file_i/Cnt_DP[5]_i_10/O
                         net (fo=8, unplaced)         0.940     8.261    core_i/core_i/id_stage_i/ex_stage_i/alu_i/ff1_result[4]
                         LUT6 (Prop_lut6_I3_O)        0.124     8.385 r  core_i/core_i/id_stage_i/Cnt_DP[4]_i_6/O
                         net (fo=13, unplaced)        0.952     9.337    core_i/core_i/id_stage_i/ex_stage_i/alu_i/ff1_result[0]
                         LUT6 (Prop_lut6_I3_O)        0.124     9.461 r  core_i/core_i/id_stage_i/Cnt_DP[3]_i_2/O
                         net (fo=2, unplaced)         0.460     9.921    core_i/core_i/id_stage_i/register_file_i/alu_operand_a_ex_o[26]_i_19[2]
                         LUT5 (Prop_lut5_I0_O)        0.124    10.045 r  core_i/core_i/id_stage_i/register_file_i/BReg_DP[31]_i_20/O
                         net (fo=82, unplaced)        1.206    11.251    core_i/core_i/id_stage_i/register_file_i/alu_operand_b_ex_o_reg[3]_1
                         LUT6 (Prop_lut6_I2_O)        0.124    11.375 f  core_i/core_i/id_stage_i/register_file_i/BReg_DP[31]_i_16/O
                         net (fo=3, unplaced)         0.920    12.295    core_i/core_i/id_stage_i/register_file_i/BReg_DP[31]_i_16_n_0
                         LUT6 (Prop_lut6_I1_O)        0.124    12.419 f  core_i/core_i/id_stage_i/register_file_i/BReg_DP[29]_i_2/O
                         net (fo=7, unplaced)         0.937    13.356    core_i/core_i/id_stage_i/register_file_i/alu_en_ex_o_reg
                         LUT6 (Prop_lut6_I1_O)        0.124    13.480 r  core_i/core_i/id_stage_i/register_file_i/gen_rf[31].mem[31][28]_i_11/O
                         net (fo=1, unplaced)         0.902    14.382    core_i/core_i/id_stage_i/register_file_i/gen_rf[31].mem[31][28]_i_11_n_0
                         LUT6 (Prop_lut6_I0_O)        0.124    14.506 r  core_i/core_i/id_stage_i/register_file_i/gen_rf[31].mem[31][28]_i_7/O
                         net (fo=1, unplaced)         0.449    14.955    core_i/core_i/id_stage_i/register_file_i/gen_rf[31].mem[31][28]_i_7_n_0
                         LUT6 (Prop_lut6_I3_O)        0.124    15.079 r  core_i/core_i/id_stage_i/register_file_i/gen_rf[31].mem[31][28]_i_4/O
                         net (fo=1, unplaced)         0.000    15.079    core_i/core_i/id_stage_i/register_file_i/gen_rf[31].mem[31][28]_i_4_n_0
                         MUXF7 (Prop_muxf7_I0_O)      0.241    15.320 r  core_i/core_i/id_stage_i/register_file_i/gen_rf[31].mem_reg[31][28]_i_2/O
                         net (fo=34, unplaced)        0.525    15.845    core_i/core_i/id_stage_i/register_file_i/csr_access_ex_o_reg_19
                         LUT5 (Prop_lut5_I3_O)        0.298    16.143 f  core_i/core_i/id_stage_i/register_file_i/alu_operand_a_ex_o[28]_i_4/O
                         net (fo=6, unplaced)         0.481    16.624    core_i/core_i/if_stage_i/mult_operand_a_ex_o_reg[28]_0
                         LUT6 (Prop_lut6_I4_O)        0.124    16.748 r  core_i/core_i/if_stage_i/mult_operand_a_ex_o[28]_i_1/O
                         net (fo=1, unplaced)         0.000    16.748    core_i/core_i/id_stage_i/mult_operand_a_ex_o_reg[30]_0[20]
                         FDCE                                         r  core_i/core_i/id_stage_i/mult_operand_a_ex_o_reg[28]/D
  -------------------------------------------------------------------    -------------------

                         (clock clk_i rise edge)     14.000    14.000 r  
    Y9                                                0.000    14.000 r  clk_i (IN)
                         net (fo=0)                   0.000    14.000    clk_i
    Y9                   IBUF (Prop_ibuf_I_O)         1.420    15.420 r  clk_i_IBUF_inst/O
                         net (fo=1, unplaced)         0.760    16.179    clk_i_IBUF
                         BUFG (Prop_bufg_I_O)         0.091    16.270 r  clk_i_IBUF_BUFG_inst/O
                         net (fo=2106, unplaced)      0.439    16.709    core_i/core_i/id_stage_i/clk_i_IBUF_BUFG
                         FDCE                                         r  core_i/core_i/id_stage_i/mult_operand_a_ex_o_reg[28]/C
                         clock pessimism              0.121    16.830    
                         clock uncertainty           -0.035    16.795    
                         FDCE (Setup_fdce_C_D)        0.044    16.839    core_i/core_i/id_stage_i/mult_operand_a_ex_o_reg[28]
  -------------------------------------------------------------------
                         required time                         16.839    
                         arrival time                         -16.748    
  -------------------------------------------------------------------
                         slack                                  0.091    

Slack (MET) :             0.091ns  (required time - arrival time)
  Source:                 core_i/core_i/id_stage_i/alu_operand_a_ex_o_reg[31]/C
                            (rising edge-triggered cell FDCE clocked by clk_i  {rise@0.000ns fall@7.000ns period=14.000ns})
  Destination:            core_i/core_i/id_stage_i/mult_operand_b_ex_o_reg[28]/D
                            (rising edge-triggered cell FDCE clocked by clk_i  {rise@0.000ns fall@7.000ns period=14.000ns})
  Path Group:             clk_i
  Path Type:              Setup (Max at Slow Process Corner)
  Requirement:            14.000ns  (clk_i rise@14.000ns - clk_i rise@0.000ns)
  Data Path Delay:        13.773ns  (logic 2.676ns (19.429%)  route 11.097ns (80.571%))
  Logic Levels:           14  (LUT5=5 LUT6=8 MUXF7=1)
  Clock Path Skew:        -0.145ns (DCD - SCD + CPR)
    Destination Clock Delay (DCD):    2.709ns = ( 16.709 - 14.000 ) 
    Source Clock Delay      (SCD):    2.975ns
    Clock Pessimism Removal (CPR):    0.121ns
  Clock Uncertainty:      0.035ns  ((TSJ^2 + TIJ^2)^1/2 + DJ) / 2 + PE
    Total System Jitter     (TSJ):    0.071ns
    Total Input Jitter      (TIJ):    0.000ns
    Discrete Jitter          (DJ):    0.000ns
    Phase Error              (PE):    0.000ns

    Location             Delay type                Incr(ns)  Path(ns)    Netlist Resource(s)
  -------------------------------------------------------------------    -------------------
                         (clock clk_i rise edge)      0.000     0.000 r  
    Y9                                                0.000     0.000 r  clk_i (IN)
                         net (fo=0)                   0.000     0.000    clk_i
    Y9                   IBUF (Prop_ibuf_I_O)         1.490     1.490 r  clk_i_IBUF_inst/O
                         net (fo=1, unplaced)         0.800     2.290    clk_i_IBUF
                         BUFG (Prop_bufg_I_O)         0.101     2.391 r  clk_i_IBUF_BUFG_inst/O
                         net (fo=2106, unplaced)      0.584     2.975    core_i/core_i/id_stage_i/clk_i_IBUF_BUFG
                         FDCE                                         r  core_i/core_i/id_stage_i/alu_operand_a_ex_o_reg[31]/C
  -------------------------------------------------------------------    -------------------
                         FDCE (Prop_fdce_C_Q)         0.478     3.453 r  core_i/core_i/id_stage_i/alu_operand_a_ex_o_reg[31]/Q
                         net (fo=97, unplaced)        1.064     4.517    core_i/core_i/id_stage_i/Q[31]
                         LUT6 (Prop_lut6_I0_O)        0.295     4.812 f  core_i/core_i/id_stage_i/Cnt_DP[5]_i_38/O
                         net (fo=2, unplaced)         1.122     5.934    core_i/core_i/id_stage_i/register_file_i/Cnt_DP[4]_i_11
                         LUT5 (Prop_lut5_I0_O)        0.124     6.058 f  core_i/core_i/id_stage_i/register_file_i/Cnt_DP[5]_i_18/O
                         net (fo=5, unplaced)         1.139     7.197    core_i/core_i/id_stage_i/register_file_i/alu_operand_a_ex_o_reg[31]_0
                         LUT5 (Prop_lut5_I0_O)        0.124     7.321 r  core_i/core_i/id_stage_i/register_file_i/Cnt_DP[5]_i_10/O
                         net (fo=8, unplaced)         0.940     8.261    core_i/core_i/id_stage_i/ex_stage_i/alu_i/ff1_result[4]
                         LUT6 (Prop_lut6_I3_O)        0.124     8.385 r  core_i/core_i/id_stage_i/Cnt_DP[4]_i_6/O
                         net (fo=13, unplaced)        0.952     9.337    core_i/core_i/id_stage_i/ex_stage_i/alu_i/ff1_result[0]
                         LUT6 (Prop_lut6_I3_O)        0.124     9.461 r  core_i/core_i/id_stage_i/Cnt_DP[3]_i_2/O
                         net (fo=2, unplaced)         0.460     9.921    core_i/core_i/id_stage_i/register_file_i/alu_operand_a_ex_o[26]_i_19[2]
                         LUT5 (Prop_lut5_I0_O)        0.124    10.045 r  core_i/core_i/id_stage_i/register_file_i/BReg_DP[31]_i_20/O
                         net (fo=82, unplaced)        1.206    11.251    core_i/core_i/id_stage_i/register_file_i/alu_operand_b_ex_o_reg[3]_1
                         LUT6 (Prop_lut6_I2_O)        0.124    11.375 f  core_i/core_i/id_stage_i/register_file_i/BReg_DP[31]_i_16/O
                         net (fo=3, unplaced)         0.920    12.295    core_i/core_i/id_stage_i/register_file_i/BReg_DP[31]_i_16_n_0
                         LUT6 (Prop_lut6_I1_O)        0.124    12.419 f  core_i/core_i/id_stage_i/register_file_i/BReg_DP[29]_i_2/O
                         net (fo=7, unplaced)         0.937    13.356    core_i/core_i/id_stage_i/register_file_i/alu_en_ex_o_reg
                         LUT6 (Prop_lut6_I1_O)        0.124    13.480 r  core_i/core_i/id_stage_i/register_file_i/gen_rf[31].mem[31][28]_i_11/O
                         net (fo=1, unplaced)         0.902    14.382    core_i/core_i/id_stage_i/register_file_i/gen_rf[31].mem[31][28]_i_11_n_0
                         LUT6 (Prop_lut6_I0_O)        0.124    14.506 r  core_i/core_i/id_stage_i/register_file_i/gen_rf[31].mem[31][28]_i_7/O
                         net (fo=1, unplaced)         0.449    14.955    core_i/core_i/id_stage_i/register_file_i/gen_rf[31].mem[31][28]_i_7_n_0
                         LUT6 (Prop_lut6_I3_O)        0.124    15.079 r  core_i/core_i/id_stage_i/register_file_i/gen_rf[31].mem[31][28]_i_4/O
                         net (fo=1, unplaced)         0.000    15.079    core_i/core_i/id_stage_i/register_file_i/gen_rf[31].mem[31][28]_i_4_n_0
                         MUXF7 (Prop_muxf7_I0_O)      0.241    15.320 r  core_i/core_i/id_stage_i/register_file_i/gen_rf[31].mem_reg[31][28]_i_2/O
                         net (fo=34, unplaced)        0.525    15.845    core_i/core_i/id_stage_i/register_file_i/csr_access_ex_o_reg_19
                         LUT5 (Prop_lut5_I3_O)        0.298    16.143 f  core_i/core_i/id_stage_i/register_file_i/alu_operand_a_ex_o[28]_i_4/O
                         net (fo=6, unplaced)         0.481    16.624    core_i/core_i/if_stage_i/mult_operand_a_ex_o_reg[28]_0
                         LUT5 (Prop_lut5_I4_O)        0.124    16.748 r  core_i/core_i/if_stage_i/mult_operand_b_ex_o[28]_i_1/O
                         net (fo=1, unplaced)         0.000    16.748    core_i/core_i/id_stage_i/mult_operand_b_ex_o_reg[28]_0[18]
                         FDCE                                         r  core_i/core_i/id_stage_i/mult_operand_b_ex_o_reg[28]/D
  -------------------------------------------------------------------    -------------------

                         (clock clk_i rise edge)     14.000    14.000 r  
    Y9                                                0.000    14.000 r  clk_i (IN)
                         net (fo=0)                   0.000    14.000    clk_i
    Y9                   IBUF (Prop_ibuf_I_O)         1.420    15.420 r  clk_i_IBUF_inst/O
                         net (fo=1, unplaced)         0.760    16.179    clk_i_IBUF
                         BUFG (Prop_bufg_I_O)         0.091    16.270 r  clk_i_IBUF_BUFG_inst/O
                         net (fo=2106, unplaced)      0.439    16.709    core_i/core_i/id_stage_i/clk_i_IBUF_BUFG
                         FDCE                                         r  core_i/core_i/id_stage_i/mult_operand_b_ex_o_reg[28]/C
                         clock pessimism              0.121    16.830    
                         clock uncertainty           -0.035    16.795    
                         FDCE (Setup_fdce_C_D)        0.044    16.839    core_i/core_i/id_stage_i/mult_operand_b_ex_o_reg[28]
  -------------------------------------------------------------------
                         required time                         16.839    
                         arrival time                         -16.748    
  -------------------------------------------------------------------
                         slack                                  0.091    

Slack (MET) :             0.091ns  (required time - arrival time)
  Source:                 core_i/core_i/id_stage_i/alu_operand_a_ex_o_reg[31]/C
                            (rising edge-triggered cell FDCE clocked by clk_i  {rise@0.000ns fall@7.000ns period=14.000ns})
  Destination:            core_i/core_i/id_stage_i/mult_operand_c_ex_o_reg[28]/D
                            (rising edge-triggered cell FDCE clocked by clk_i  {rise@0.000ns fall@7.000ns period=14.000ns})
  Path Group:             clk_i
  Path Type:              Setup (Max at Slow Process Corner)
  Requirement:            14.000ns  (clk_i rise@14.000ns - clk_i rise@0.000ns)
  Data Path Delay:        13.773ns  (logic 2.676ns (19.429%)  route 11.097ns (80.571%))
  Logic Levels:           14  (LUT5=4 LUT6=9 MUXF7=1)
  Clock Path Skew:        -0.145ns (DCD - SCD + CPR)
    Destination Clock Delay (DCD):    2.709ns = ( 16.709 - 14.000 ) 
    Source Clock Delay      (SCD):    2.975ns
    Clock Pessimism Removal (CPR):    0.121ns
  Clock Uncertainty:      0.035ns  ((TSJ^2 + TIJ^2)^1/2 + DJ) / 2 + PE
    Total System Jitter     (TSJ):    0.071ns
    Total Input Jitter      (TIJ):    0.000ns
    Discrete Jitter          (DJ):    0.000ns
    Phase Error              (PE):    0.000ns

    Location             Delay type                Incr(ns)  Path(ns)    Netlist Resource(s)
  -------------------------------------------------------------------    -------------------
                         (clock clk_i rise edge)      0.000     0.000 r  
    Y9                                                0.000     0.000 r  clk_i (IN)
                         net (fo=0)                   0.000     0.000    clk_i
    Y9                   IBUF (Prop_ibuf_I_O)         1.490     1.490 r  clk_i_IBUF_inst/O
                         net (fo=1, unplaced)         0.800     2.290    clk_i_IBUF
                         BUFG (Prop_bufg_I_O)         0.101     2.391 r  clk_i_IBUF_BUFG_inst/O
                         net (fo=2106, unplaced)      0.584     2.975    core_i/core_i/id_stage_i/clk_i_IBUF_BUFG
                         FDCE                                         r  core_i/core_i/id_stage_i/alu_operand_a_ex_o_reg[31]/C
  -------------------------------------------------------------------    -------------------
                         FDCE (Prop_fdce_C_Q)         0.478     3.453 r  core_i/core_i/id_stage_i/alu_operand_a_ex_o_reg[31]/Q
                         net (fo=97, unplaced)        1.064     4.517    core_i/core_i/id_stage_i/Q[31]
                         LUT6 (Prop_lut6_I0_O)        0.295     4.812 f  core_i/core_i/id_stage_i/Cnt_DP[5]_i_38/O
                         net (fo=2, unplaced)         1.122     5.934    core_i/core_i/id_stage_i/register_file_i/Cnt_DP[4]_i_11
                         LUT5 (Prop_lut5_I0_O)        0.124     6.058 f  core_i/core_i/id_stage_i/register_file_i/Cnt_DP[5]_i_18/O
                         net (fo=5, unplaced)         1.139     7.197    core_i/core_i/id_stage_i/register_file_i/alu_operand_a_ex_o_reg[31]_0
                         LUT5 (Prop_lut5_I0_O)        0.124     7.321 r  core_i/core_i/id_stage_i/register_file_i/Cnt_DP[5]_i_10/O
                         net (fo=8, unplaced)         0.940     8.261    core_i/core_i/id_stage_i/ex_stage_i/alu_i/ff1_result[4]
                         LUT6 (Prop_lut6_I3_O)        0.124     8.385 r  core_i/core_i/id_stage_i/Cnt_DP[4]_i_6/O
                         net (fo=13, unplaced)        0.952     9.337    core_i/core_i/id_stage_i/ex_stage_i/alu_i/ff1_result[0]
                         LUT6 (Prop_lut6_I3_O)        0.124     9.461 r  core_i/core_i/id_stage_i/Cnt_DP[3]_i_2/O
                         net (fo=2, unplaced)         0.460     9.921    core_i/core_i/id_stage_i/register_file_i/alu_operand_a_ex_o[26]_i_19[2]
                         LUT5 (Prop_lut5_I0_O)        0.124    10.045 r  core_i/core_i/id_stage_i/register_file_i/BReg_DP[31]_i_20/O
                         net (fo=82, unplaced)        1.206    11.251    core_i/core_i/id_stage_i/register_file_i/alu_operand_b_ex_o_reg[3]_1
                         LUT6 (Prop_lut6_I2_O)        0.124    11.375 f  core_i/core_i/id_stage_i/register_file_i/BReg_DP[31]_i_16/O
                         net (fo=3, unplaced)         0.920    12.295    core_i/core_i/id_stage_i/register_file_i/BReg_DP[31]_i_16_n_0
                         LUT6 (Prop_lut6_I1_O)        0.124    12.419 f  core_i/core_i/id_stage_i/register_file_i/BReg_DP[29]_i_2/O
                         net (fo=7, unplaced)         0.937    13.356    core_i/core_i/id_stage_i/register_file_i/alu_en_ex_o_reg
                         LUT6 (Prop_lut6_I1_O)        0.124    13.480 r  core_i/core_i/id_stage_i/register_file_i/gen_rf[31].mem[31][28]_i_11/O
                         net (fo=1, unplaced)         0.902    14.382    core_i/core_i/id_stage_i/register_file_i/gen_rf[31].mem[31][28]_i_11_n_0
                         LUT6 (Prop_lut6_I0_O)        0.124    14.506 r  core_i/core_i/id_stage_i/register_file_i/gen_rf[31].mem[31][28]_i_7/O
                         net (fo=1, unplaced)         0.449    14.955    core_i/core_i/id_stage_i/register_file_i/gen_rf[31].mem[31][28]_i_7_n_0
                         LUT6 (Prop_lut6_I3_O)        0.124    15.079 r  core_i/core_i/id_stage_i/register_file_i/gen_rf[31].mem[31][28]_i_4/O
                         net (fo=1, unplaced)         0.000    15.079    core_i/core_i/id_stage_i/register_file_i/gen_rf[31].mem[31][28]_i_4_n_0
                         MUXF7 (Prop_muxf7_I0_O)      0.241    15.320 r  core_i/core_i/id_stage_i/register_file_i/gen_rf[31].mem_reg[31][28]_i_2/O
                         net (fo=34, unplaced)        0.525    15.845    core_i/core_i/id_stage_i/register_file_i/csr_access_ex_o_reg_19
                         LUT5 (Prop_lut5_I3_O)        0.298    16.143 f  core_i/core_i/id_stage_i/register_file_i/alu_operand_a_ex_o[28]_i_4/O
                         net (fo=6, unplaced)         0.481    16.624    core_i/core_i/ex_stage_i/mult_i/mult_operand_c_ex_o_reg[28]_1
                         LUT6 (Prop_lut6_I4_O)        0.124    16.748 r  core_i/core_i/ex_stage_i/mult_i/mult_operand_c_ex_o[28]_i_1/O
                         net (fo=1, unplaced)         0.000    16.748    core_i/core_i/id_stage_i/mult_operand_c_ex_o_reg[28]_0[18]
                         FDCE                                         r  core_i/core_i/id_stage_i/mult_operand_c_ex_o_reg[28]/D
  -------------------------------------------------------------------    -------------------

                         (clock clk_i rise edge)     14.000    14.000 r  
    Y9                                                0.000    14.000 r  clk_i (IN)
                         net (fo=0)                   0.000    14.000    clk_i
    Y9                   IBUF (Prop_ibuf_I_O)         1.420    15.420 r  clk_i_IBUF_inst/O
                         net (fo=1, unplaced)         0.760    16.179    clk_i_IBUF
                         BUFG (Prop_bufg_I_O)         0.091    16.270 r  clk_i_IBUF_BUFG_inst/O
                         net (fo=2106, unplaced)      0.439    16.709    core_i/core_i/id_stage_i/clk_i_IBUF_BUFG
                         FDCE                                         r  core_i/core_i/id_stage_i/mult_operand_c_ex_o_reg[28]/C
                         clock pessimism              0.121    16.830    
                         clock uncertainty           -0.035    16.795    
                         FDCE (Setup_fdce_C_D)        0.044    16.839    core_i/core_i/id_stage_i/mult_operand_c_ex_o_reg[28]
  -------------------------------------------------------------------
                         required time                         16.839    
                         arrival time                         -16.748    
  -------------------------------------------------------------------
                         slack                                  0.091    

Slack (MET) :             0.099ns  (required time - arrival time)
  Source:                 core_i/core_i/id_stage_i/alu_operand_a_ex_o_reg[31]/C
                            (rising edge-triggered cell FDCE clocked by clk_i  {rise@0.000ns fall@7.000ns period=14.000ns})
  Destination:            core_i/core_i/id_stage_i/alu_operand_b_ex_o_reg[28]/D
                            (rising edge-triggered cell FDCE clocked by clk_i  {rise@0.000ns fall@7.000ns period=14.000ns})
  Path Group:             clk_i
  Path Type:              Setup (Max at Slow Process Corner)
  Requirement:            14.000ns  (clk_i rise@14.000ns - clk_i rise@0.000ns)
  Data Path Delay:        13.765ns  (logic 2.676ns (19.441%)  route 11.089ns (80.559%))
  Logic Levels:           14  (LUT5=4 LUT6=9 MUXF7=1)
  Clock Path Skew:        -0.145ns (DCD - SCD + CPR)
    Destination Clock Delay (DCD):    2.709ns = ( 16.709 - 14.000 ) 
    Source Clock Delay      (SCD):    2.975ns
    Clock Pessimism Removal (CPR):    0.121ns
  Clock Uncertainty:      0.035ns  ((TSJ^2 + TIJ^2)^1/2 + DJ) / 2 + PE
    Total System Jitter     (TSJ):    0.071ns
    Total Input Jitter      (TIJ):    0.000ns
    Discrete Jitter          (DJ):    0.000ns
    Phase Error              (PE):    0.000ns

    Location             Delay type                Incr(ns)  Path(ns)    Netlist Resource(s)
  -------------------------------------------------------------------    -------------------
                         (clock clk_i rise edge)      0.000     0.000 r  
    Y9                                                0.000     0.000 r  clk_i (IN)
                         net (fo=0)                   0.000     0.000    clk_i
    Y9                   IBUF (Prop_ibuf_I_O)         1.490     1.490 r  clk_i_IBUF_inst/O
                         net (fo=1, unplaced)         0.800     2.290    clk_i_IBUF
                         BUFG (Prop_bufg_I_O)         0.101     2.391 r  clk_i_IBUF_BUFG_inst/O
                         net (fo=2106, unplaced)      0.584     2.975    core_i/core_i/id_stage_i/clk_i_IBUF_BUFG
                         FDCE                                         r  core_i/core_i/id_stage_i/alu_operand_a_ex_o_reg[31]/C
  -------------------------------------------------------------------    -------------------
                         FDCE (Prop_fdce_C_Q)         0.478     3.453 r  core_i/core_i/id_stage_i/alu_operand_a_ex_o_reg[31]/Q
                         net (fo=97, unplaced)        1.064     4.517    core_i/core_i/id_stage_i/Q[31]
                         LUT6 (Prop_lut6_I0_O)        0.295     4.812 f  core_i/core_i/id_stage_i/Cnt_DP[5]_i_38/O
                         net (fo=2, unplaced)         1.122     5.934    core_i/core_i/id_stage_i/register_file_i/Cnt_DP[4]_i_11
                         LUT5 (Prop_lut5_I0_O)        0.124     6.058 f  core_i/core_i/id_stage_i/register_file_i/Cnt_DP[5]_i_18/O
                         net (fo=5, unplaced)         1.139     7.197    core_i/core_i/id_stage_i/register_file_i/alu_operand_a_ex_o_reg[31]_0
                         LUT5 (Prop_lut5_I0_O)        0.124     7.321 r  core_i/core_i/id_stage_i/register_file_i/Cnt_DP[5]_i_10/O
                         net (fo=8, unplaced)         0.940     8.261    core_i/core_i/id_stage_i/ex_stage_i/alu_i/ff1_result[4]
                         LUT6 (Prop_lut6_I3_O)        0.124     8.385 r  core_i/core_i/id_stage_i/Cnt_DP[4]_i_6/O
                         net (fo=13, unplaced)        0.952     9.337    core_i/core_i/id_stage_i/ex_stage_i/alu_i/ff1_result[0]
                         LUT6 (Prop_lut6_I3_O)        0.124     9.461 r  core_i/core_i/id_stage_i/Cnt_DP[3]_i_2/O
                         net (fo=2, unplaced)         0.460     9.921    core_i/core_i/id_stage_i/register_file_i/alu_operand_a_ex_o[26]_i_19[2]
                         LUT5 (Prop_lut5_I0_O)        0.124    10.045 r  core_i/core_i/id_stage_i/register_file_i/BReg_DP[31]_i_20/O
                         net (fo=82, unplaced)        1.206    11.251    core_i/core_i/id_stage_i/register_file_i/alu_operand_b_ex_o_reg[3]_1
                         LUT6 (Prop_lut6_I2_O)        0.124    11.375 f  core_i/core_i/id_stage_i/register_file_i/BReg_DP[31]_i_16/O
                         net (fo=3, unplaced)         0.920    12.295    core_i/core_i/id_stage_i/register_file_i/BReg_DP[31]_i_16_n_0
                         LUT6 (Prop_lut6_I1_O)        0.124    12.419 f  core_i/core_i/id_stage_i/register_file_i/BReg_DP[29]_i_2/O
                         net (fo=7, unplaced)         0.937    13.356    core_i/core_i/id_stage_i/register_file_i/alu_en_ex_o_reg
                         LUT6 (Prop_lut6_I1_O)        0.124    13.480 r  core_i/core_i/id_stage_i/register_file_i/gen_rf[31].mem[31][28]_i_11/O
                         net (fo=1, unplaced)         0.902    14.382    core_i/core_i/id_stage_i/register_file_i/gen_rf[31].mem[31][28]_i_11_n_0
                         LUT6 (Prop_lut6_I0_O)        0.124    14.506 r  core_i/core_i/id_stage_i/register_file_i/gen_rf[31].mem[31][28]_i_7/O
                         net (fo=1, unplaced)         0.449    14.955    core_i/core_i/id_stage_i/register_file_i/gen_rf[31].mem[31][28]_i_7_n_0
                         LUT6 (Prop_lut6_I3_O)        0.124    15.079 r  core_i/core_i/id_stage_i/register_file_i/gen_rf[31].mem[31][28]_i_4/O
                         net (fo=1, unplaced)         0.000    15.079    core_i/core_i/id_stage_i/register_file_i/gen_rf[31].mem[31][28]_i_4_n_0
                         MUXF7 (Prop_muxf7_I0_O)      0.241    15.320 r  core_i/core_i/id_stage_i/register_file_i/gen_rf[31].mem_reg[31][28]_i_2/O
                         net (fo=34, unplaced)        0.525    15.845    core_i/core_i/id_stage_i/register_file_i/csr_access_ex_o_reg_19
                         LUT5 (Prop_lut5_I3_O)        0.298    16.143 r  core_i/core_i/id_stage_i/register_file_i/alu_operand_a_ex_o[28]_i_3/O
                         net (fo=4, unplaced)         0.473    16.616    core_i/core_i/id_stage_i/register_file_i/instr_rdata_id_o_reg[18]_18
                         LUT6 (Prop_lut6_I3_O)        0.124    16.740 r  core_i/core_i/id_stage_i/register_file_i/alu_operand_b_ex_o[28]_i_1/O
                         net (fo=1, unplaced)         0.000    16.740    core_i/core_i/id_stage_i/register_file_i_n_214
                         FDCE                                         r  core_i/core_i/id_stage_i/alu_operand_b_ex_o_reg[28]/D
  -------------------------------------------------------------------    -------------------

                         (clock clk_i rise edge)     14.000    14.000 r  
    Y9                                                0.000    14.000 r  clk_i (IN)
                         net (fo=0)                   0.000    14.000    clk_i
    Y9                   IBUF (Prop_ibuf_I_O)         1.420    15.420 r  clk_i_IBUF_inst/O
                         net (fo=1, unplaced)         0.760    16.179    clk_i_IBUF
                         BUFG (Prop_bufg_I_O)         0.091    16.270 r  clk_i_IBUF_BUFG_inst/O
                         net (fo=2106, unplaced)      0.439    16.709    core_i/core_i/id_stage_i/clk_i_IBUF_BUFG
                         FDCE                                         r  core_i/core_i/id_stage_i/alu_operand_b_ex_o_reg[28]/C
                         clock pessimism              0.121    16.830    
                         clock uncertainty           -0.035    16.795    
                         FDCE (Setup_fdce_C_D)        0.044    16.839    core_i/core_i/id_stage_i/alu_operand_b_ex_o_reg[28]
  -------------------------------------------------------------------
                         required time                         16.839    
                         arrival time                         -16.740    
  -------------------------------------------------------------------
                         slack                                  0.099    

Slack (MET) :             0.202ns  (required time - arrival time)
  Source:                 core_i/core_i/id_stage_i/alu_operand_a_ex_o_reg[31]/C
                            (rising edge-triggered cell FDCE clocked by clk_i  {rise@0.000ns fall@7.000ns period=14.000ns})
  Destination:            core_i/core_i/id_stage_i/alu_operand_c_ex_o_reg[1]/D
                            (rising edge-triggered cell FDCE clocked by clk_i  {rise@0.000ns fall@7.000ns period=14.000ns})
  Path Group:             clk_i
  Path Type:              Setup (Max at Slow Process Corner)
  Requirement:            14.000ns  (clk_i rise@14.000ns - clk_i rise@0.000ns)
  Data Path Delay:        13.662ns  (logic 2.682ns (19.631%)  route 10.980ns (80.369%))
  Logic Levels:           14  (LUT5=4 LUT6=9 MUXF7=1)
  Clock Path Skew:        -0.145ns (DCD - SCD + CPR)
    Destination Clock Delay (DCD):    2.709ns = ( 16.709 - 14.000 ) 
    Source Clock Delay      (SCD):    2.975ns
    Clock Pessimism Removal (CPR):    0.121ns
  Clock Uncertainty:      0.035ns  ((TSJ^2 + TIJ^2)^1/2 + DJ) / 2 + PE
    Total System Jitter     (TSJ):    0.071ns
    Total Input Jitter      (TIJ):    0.000ns
    Discrete Jitter          (DJ):    0.000ns
    Phase Error              (PE):    0.000ns

    Location             Delay type                Incr(ns)  Path(ns)    Netlist Resource(s)
  -------------------------------------------------------------------    -------------------
                         (clock clk_i rise edge)      0.000     0.000 r  
    Y9                                                0.000     0.000 r  clk_i (IN)
                         net (fo=0)                   0.000     0.000    clk_i
    Y9                   IBUF (Prop_ibuf_I_O)         1.490     1.490 r  clk_i_IBUF_inst/O
                         net (fo=1, unplaced)         0.800     2.290    clk_i_IBUF
                         BUFG (Prop_bufg_I_O)         0.101     2.391 r  clk_i_IBUF_BUFG_inst/O
                         net (fo=2106, unplaced)      0.584     2.975    core_i/core_i/id_stage_i/clk_i_IBUF_BUFG
                         FDCE                                         r  core_i/core_i/id_stage_i/alu_operand_a_ex_o_reg[31]/C
  -------------------------------------------------------------------    -------------------
                         FDCE (Prop_fdce_C_Q)         0.478     3.453 r  core_i/core_i/id_stage_i/alu_operand_a_ex_o_reg[31]/Q
                         net (fo=97, unplaced)        1.064     4.517    core_i/core_i/id_stage_i/Q[31]
                         LUT6 (Prop_lut6_I0_O)        0.295     4.812 f  core_i/core_i/id_stage_i/Cnt_DP[5]_i_38/O
                         net (fo=2, unplaced)         1.122     5.934    core_i/core_i/id_stage_i/register_file_i/Cnt_DP[4]_i_11
                         LUT5 (Prop_lut5_I0_O)        0.124     6.058 f  core_i/core_i/id_stage_i/register_file_i/Cnt_DP[5]_i_18/O
                         net (fo=5, unplaced)         1.139     7.197    core_i/core_i/id_stage_i/register_file_i/alu_operand_a_ex_o_reg[31]_0
                         LUT5 (Prop_lut5_I0_O)        0.124     7.321 r  core_i/core_i/id_stage_i/register_file_i/Cnt_DP[5]_i_10/O
                         net (fo=8, unplaced)         0.940     8.261    core_i/core_i/id_stage_i/ex_stage_i/alu_i/ff1_result[4]
                         LUT6 (Prop_lut6_I3_O)        0.124     8.385 r  core_i/core_i/id_stage_i/Cnt_DP[4]_i_6/O
                         net (fo=13, unplaced)        0.952     9.337    core_i/core_i/id_stage_i/register_file_i/ff1_result[0]
                         LUT6 (Prop_lut6_I2_O)        0.124     9.461 r  core_i/core_i/id_stage_i/register_file_i/Cnt_DP[4]_i_3/O
                         net (fo=50, unplaced)        0.531     9.992    core_i/core_i/id_stage_i/register_file_i/Cnt_DP[5]_i_10_0
                         LUT6 (Prop_lut6_I1_O)        0.124    10.116 r  core_i/core_i/id_stage_i/register_file_i/BReg_DP[31]_i_22/O
                         net (fo=41, unplaced)        0.979    11.095    core_i/core_i/id_stage_i/register_file_i/alu_operand_b_ex_o_reg[4]
                         LUT6 (Prop_lut6_I4_O)        0.124    11.219 f  core_i/core_i/id_stage_i/register_file_i/BReg_DP[31]_i_13/O
                         net (fo=1, unplaced)         0.902    12.121    core_i/core_i/id_stage_i/register_file_i/BReg_DP[31]_i_13_n_0
                         LUT6 (Prop_lut6_I5_O)        0.124    12.245 f  core_i/core_i/id_stage_i/register_file_i/BReg_DP[31]_i_5/O
                         net (fo=5, unplaced)         0.930    13.175    core_i/core_i/id_stage_i/register_file_i/alu_en_ex_o_reg_15
                         LUT6 (Prop_lut6_I2_O)        0.124    13.299 r  core_i/core_i/id_stage_i/register_file_i/gen_rf[31].mem[31][23]_i_7/O
                         net (fo=27, unplaced)        0.969    14.268    core_i/core_i/id_stage_i/register_file_i/alu_operator_ex_o_reg[3]_4
                         LUT6 (Prop_lut6_I1_O)        0.124    14.392 r  core_i/core_i/id_stage_i/register_file_i/gen_rf[31].mem[31][1]_i_7/O
                         net (fo=1, unplaced)         0.000    14.392    core_i/core_i/id_stage_i/register_file_i/gen_rf[31].mem[31][1]_i_7_n_0
                         MUXF7 (Prop_muxf7_I1_O)      0.247    14.639 r  core_i/core_i/id_stage_i/register_file_i/gen_rf[31].mem_reg[31][1]_i_4/O
                         net (fo=1, unplaced)         0.452    15.091    core_i/core_i/id_stage_i/register_file_i/gen_rf[31].mem_reg[31][1]_i_4_n_0
                         LUT6 (Prop_lut6_I3_O)        0.298    15.389 r  core_i/core_i/id_stage_i/register_file_i/gen_rf[31].mem[31][1]_i_2/O
                         net (fo=36, unplaced)        0.523    15.912    core_i/core_i/id_stage_i/register_file_i/csr_access_ex_o_reg_1
                         LUT5 (Prop_lut5_I1_O)        0.124    16.036 f  core_i/core_i/id_stage_i/register_file_i/alu_operand_b_ex_o[1]_i_2/O
                         net (fo=5, unplaced)         0.477    16.513    core_i/core_i/if_stage_i/alu_operand_b_ex_o_reg[1]
                         LUT5 (Prop_lut5_I1_O)        0.124    16.637 r  core_i/core_i/if_stage_i/alu_operand_c_ex_o[1]_i_1/O
                         net (fo=1, unplaced)         0.000    16.637    core_i/core_i/id_stage_i/alu_operand_c_ex_o_reg[31]_0[0]
                         FDCE                                         r  core_i/core_i/id_stage_i/alu_operand_c_ex_o_reg[1]/D
  -------------------------------------------------------------------    -------------------

                         (clock clk_i rise edge)     14.000    14.000 r  
    Y9                                                0.000    14.000 r  clk_i (IN)
                         net (fo=0)                   0.000    14.000    clk_i
    Y9                   IBUF (Prop_ibuf_I_O)         1.420    15.420 r  clk_i_IBUF_inst/O
                         net (fo=1, unplaced)         0.760    16.179    clk_i_IBUF
                         BUFG (Prop_bufg_I_O)         0.091    16.270 r  clk_i_IBUF_BUFG_inst/O
                         net (fo=2106, unplaced)      0.439    16.709    core_i/core_i/id_stage_i/clk_i_IBUF_BUFG
                         FDCE                                         r  core_i/core_i/id_stage_i/alu_operand_c_ex_o_reg[1]/C
                         clock pessimism              0.121    16.830    
                         clock uncertainty           -0.035    16.795    
                         FDCE (Setup_fdce_C_D)        0.044    16.839    core_i/core_i/id_stage_i/alu_operand_c_ex_o_reg[1]
  -------------------------------------------------------------------
                         required time                         16.839    
                         arrival time                         -16.637    
  -------------------------------------------------------------------
                         slack                                  0.202    

Slack (MET) :             0.202ns  (required time - arrival time)
  Source:                 core_i/core_i/id_stage_i/alu_operand_a_ex_o_reg[31]/C
                            (rising edge-triggered cell FDCE clocked by clk_i  {rise@0.000ns fall@7.000ns period=14.000ns})
  Destination:            core_i/core_i/id_stage_i/mult_operand_b_ex_o_reg[1]/D
                            (rising edge-triggered cell FDCE clocked by clk_i  {rise@0.000ns fall@7.000ns period=14.000ns})
  Path Group:             clk_i
  Path Type:              Setup (Max at Slow Process Corner)
  Requirement:            14.000ns  (clk_i rise@14.000ns - clk_i rise@0.000ns)
  Data Path Delay:        13.662ns  (logic 2.682ns (19.631%)  route 10.980ns (80.369%))
  Logic Levels:           14  (LUT5=3 LUT6=10 MUXF7=1)
  Clock Path Skew:        -0.145ns (DCD - SCD + CPR)
    Destination Clock Delay (DCD):    2.709ns = ( 16.709 - 14.000 ) 
    Source Clock Delay      (SCD):    2.975ns
    Clock Pessimism Removal (CPR):    0.121ns
  Clock Uncertainty:      0.035ns  ((TSJ^2 + TIJ^2)^1/2 + DJ) / 2 + PE
    Total System Jitter     (TSJ):    0.071ns
    Total Input Jitter      (TIJ):    0.000ns
    Discrete Jitter          (DJ):    0.000ns
    Phase Error              (PE):    0.000ns

    Location             Delay type                Incr(ns)  Path(ns)    Netlist Resource(s)
  -------------------------------------------------------------------    -------------------
                         (clock clk_i rise edge)      0.000     0.000 r  
    Y9                                                0.000     0.000 r  clk_i (IN)
                         net (fo=0)                   0.000     0.000    clk_i
    Y9                   IBUF (Prop_ibuf_I_O)         1.490     1.490 r  clk_i_IBUF_inst/O
                         net (fo=1, unplaced)         0.800     2.290    clk_i_IBUF
                         BUFG (Prop_bufg_I_O)         0.101     2.391 r  clk_i_IBUF_BUFG_inst/O
                         net (fo=2106, unplaced)      0.584     2.975    core_i/core_i/id_stage_i/clk_i_IBUF_BUFG
                         FDCE                                         r  core_i/core_i/id_stage_i/alu_operand_a_ex_o_reg[31]/C
  -------------------------------------------------------------------    -------------------
                         FDCE (Prop_fdce_C_Q)         0.478     3.453 r  core_i/core_i/id_stage_i/alu_operand_a_ex_o_reg[31]/Q
                         net (fo=97, unplaced)        1.064     4.517    core_i/core_i/id_stage_i/Q[31]
                         LUT6 (Prop_lut6_I0_O)        0.295     4.812 f  core_i/core_i/id_stage_i/Cnt_DP[5]_i_38/O
                         net (fo=2, unplaced)         1.122     5.934    core_i/core_i/id_stage_i/register_file_i/Cnt_DP[4]_i_11
                         LUT5 (Prop_lut5_I0_O)        0.124     6.058 f  core_i/core_i/id_stage_i/register_file_i/Cnt_DP[5]_i_18/O
                         net (fo=5, unplaced)         1.139     7.197    core_i/core_i/id_stage_i/register_file_i/alu_operand_a_ex_o_reg[31]_0
                         LUT5 (Prop_lut5_I0_O)        0.124     7.321 r  core_i/core_i/id_stage_i/register_file_i/Cnt_DP[5]_i_10/O
                         net (fo=8, unplaced)         0.940     8.261    core_i/core_i/id_stage_i/ex_stage_i/alu_i/ff1_result[4]
                         LUT6 (Prop_lut6_I3_O)        0.124     8.385 r  core_i/core_i/id_stage_i/Cnt_DP[4]_i_6/O
                         net (fo=13, unplaced)        0.952     9.337    core_i/core_i/id_stage_i/register_file_i/ff1_result[0]
                         LUT6 (Prop_lut6_I2_O)        0.124     9.461 r  core_i/core_i/id_stage_i/register_file_i/Cnt_DP[4]_i_3/O
                         net (fo=50, unplaced)        0.531     9.992    core_i/core_i/id_stage_i/register_file_i/Cnt_DP[5]_i_10_0
                         LUT6 (Prop_lut6_I1_O)        0.124    10.116 r  core_i/core_i/id_stage_i/register_file_i/BReg_DP[31]_i_22/O
                         net (fo=41, unplaced)        0.979    11.095    core_i/core_i/id_stage_i/register_file_i/alu_operand_b_ex_o_reg[4]
                         LUT6 (Prop_lut6_I4_O)        0.124    11.219 f  core_i/core_i/id_stage_i/register_file_i/BReg_DP[31]_i_13/O
                         net (fo=1, unplaced)         0.902    12.121    core_i/core_i/id_stage_i/register_file_i/BReg_DP[31]_i_13_n_0
                         LUT6 (Prop_lut6_I5_O)        0.124    12.245 f  core_i/core_i/id_stage_i/register_file_i/BReg_DP[31]_i_5/O
                         net (fo=5, unplaced)         0.930    13.175    core_i/core_i/id_stage_i/register_file_i/alu_en_ex_o_reg_15
                         LUT6 (Prop_lut6_I2_O)        0.124    13.299 r  core_i/core_i/id_stage_i/register_file_i/gen_rf[31].mem[31][23]_i_7/O
                         net (fo=27, unplaced)        0.969    14.268    core_i/core_i/id_stage_i/register_file_i/alu_operator_ex_o_reg[3]_4
                         LUT6 (Prop_lut6_I1_O)        0.124    14.392 r  core_i/core_i/id_stage_i/register_file_i/gen_rf[31].mem[31][1]_i_7/O
                         net (fo=1, unplaced)         0.000    14.392    core_i/core_i/id_stage_i/register_file_i/gen_rf[31].mem[31][1]_i_7_n_0
                         MUXF7 (Prop_muxf7_I1_O)      0.247    14.639 r  core_i/core_i/id_stage_i/register_file_i/gen_rf[31].mem_reg[31][1]_i_4/O
                         net (fo=1, unplaced)         0.452    15.091    core_i/core_i/id_stage_i/register_file_i/gen_rf[31].mem_reg[31][1]_i_4_n_0
                         LUT6 (Prop_lut6_I3_O)        0.298    15.389 r  core_i/core_i/id_stage_i/register_file_i/gen_rf[31].mem[31][1]_i_2/O
                         net (fo=36, unplaced)        0.523    15.912    core_i/core_i/id_stage_i/register_file_i/csr_access_ex_o_reg_1
                         LUT5 (Prop_lut5_I1_O)        0.124    16.036 f  core_i/core_i/id_stage_i/register_file_i/alu_operand_b_ex_o[1]_i_2/O
                         net (fo=5, unplaced)         0.477    16.513    core_i/core_i/if_stage_i/alu_operand_b_ex_o_reg[1]
                         LUT6 (Prop_lut6_I4_O)        0.124    16.637 r  core_i/core_i/if_stage_i/mult_operand_b_ex_o[1]_i_1/O
                         net (fo=1, unplaced)         0.000    16.637    core_i/core_i/id_stage_i/mult_operand_b_ex_o_reg[28]_0[0]
                         FDCE                                         r  core_i/core_i/id_stage_i/mult_operand_b_ex_o_reg[1]/D
  -------------------------------------------------------------------    -------------------

                         (clock clk_i rise edge)     14.000    14.000 r  
    Y9                                                0.000    14.000 r  clk_i (IN)
                         net (fo=0)                   0.000    14.000    clk_i
    Y9                   IBUF (Prop_ibuf_I_O)         1.420    15.420 r  clk_i_IBUF_inst/O
                         net (fo=1, unplaced)         0.760    16.179    clk_i_IBUF
                         BUFG (Prop_bufg_I_O)         0.091    16.270 r  clk_i_IBUF_BUFG_inst/O
                         net (fo=2106, unplaced)      0.439    16.709    core_i/core_i/id_stage_i/clk_i_IBUF_BUFG
                         FDCE                                         r  core_i/core_i/id_stage_i/mult_operand_b_ex_o_reg[1]/C
                         clock pessimism              0.121    16.830    
                         clock uncertainty           -0.035    16.795    
                         FDCE (Setup_fdce_C_D)        0.044    16.839    core_i/core_i/id_stage_i/mult_operand_b_ex_o_reg[1]
  -------------------------------------------------------------------
                         required time                         16.839    
                         arrival time                         -16.637    
  -------------------------------------------------------------------
                         slack                                  0.202    

Slack (MET) :             0.202ns  (required time - arrival time)
  Source:                 core_i/core_i/id_stage_i/alu_operand_a_ex_o_reg[31]/C
                            (rising edge-triggered cell FDCE clocked by clk_i  {rise@0.000ns fall@7.000ns period=14.000ns})
  Destination:            core_i/core_i/id_stage_i/mult_operand_c_ex_o_reg[1]/D
                            (rising edge-triggered cell FDCE clocked by clk_i  {rise@0.000ns fall@7.000ns period=14.000ns})
  Path Group:             clk_i
  Path Type:              Setup (Max at Slow Process Corner)
  Requirement:            14.000ns  (clk_i rise@14.000ns - clk_i rise@0.000ns)
  Data Path Delay:        13.662ns  (logic 2.682ns (19.631%)  route 10.980ns (80.369%))
  Logic Levels:           14  (LUT5=3 LUT6=10 MUXF7=1)
  Clock Path Skew:        -0.145ns (DCD - SCD + CPR)
    Destination Clock Delay (DCD):    2.709ns = ( 16.709 - 14.000 ) 
    Source Clock Delay      (SCD):    2.975ns
    Clock Pessimism Removal (CPR):    0.121ns
  Clock Uncertainty:      0.035ns  ((TSJ^2 + TIJ^2)^1/2 + DJ) / 2 + PE
    Total System Jitter     (TSJ):    0.071ns
    Total Input Jitter      (TIJ):    0.000ns
    Discrete Jitter          (DJ):    0.000ns
    Phase Error              (PE):    0.000ns

    Location             Delay type                Incr(ns)  Path(ns)    Netlist Resource(s)
  -------------------------------------------------------------------    -------------------
                         (clock clk_i rise edge)      0.000     0.000 r  
    Y9                                                0.000     0.000 r  clk_i (IN)
                         net (fo=0)                   0.000     0.000    clk_i
    Y9                   IBUF (Prop_ibuf_I_O)         1.490     1.490 r  clk_i_IBUF_inst/O
                         net (fo=1, unplaced)         0.800     2.290    clk_i_IBUF
                         BUFG (Prop_bufg_I_O)         0.101     2.391 r  clk_i_IBUF_BUFG_inst/O
                         net (fo=2106, unplaced)      0.584     2.975    core_i/core_i/id_stage_i/clk_i_IBUF_BUFG
                         FDCE                                         r  core_i/core_i/id_stage_i/alu_operand_a_ex_o_reg[31]/C
  -------------------------------------------------------------------    -------------------
                         FDCE (Prop_fdce_C_Q)         0.478     3.453 r  core_i/core_i/id_stage_i/alu_operand_a_ex_o_reg[31]/Q
                         net (fo=97, unplaced)        1.064     4.517    core_i/core_i/id_stage_i/Q[31]
                         LUT6 (Prop_lut6_I0_O)        0.295     4.812 f  core_i/core_i/id_stage_i/Cnt_DP[5]_i_38/O
                         net (fo=2, unplaced)         1.122     5.934    core_i/core_i/id_stage_i/register_file_i/Cnt_DP[4]_i_11
                         LUT5 (Prop_lut5_I0_O)        0.124     6.058 f  core_i/core_i/id_stage_i/register_file_i/Cnt_DP[5]_i_18/O
                         net (fo=5, unplaced)         1.139     7.197    core_i/core_i/id_stage_i/register_file_i/alu_operand_a_ex_o_reg[31]_0
                         LUT5 (Prop_lut5_I0_O)        0.124     7.321 r  core_i/core_i/id_stage_i/register_file_i/Cnt_DP[5]_i_10/O
                         net (fo=8, unplaced)         0.940     8.261    core_i/core_i/id_stage_i/ex_stage_i/alu_i/ff1_result[4]
                         LUT6 (Prop_lut6_I3_O)        0.124     8.385 r  core_i/core_i/id_stage_i/Cnt_DP[4]_i_6/O
                         net (fo=13, unplaced)        0.952     9.337    core_i/core_i/id_stage_i/register_file_i/ff1_result[0]
                         LUT6 (Prop_lut6_I2_O)        0.124     9.461 r  core_i/core_i/id_stage_i/register_file_i/Cnt_DP[4]_i_3/O
                         net (fo=50, unplaced)        0.531     9.992    core_i/core_i/id_stage_i/register_file_i/Cnt_DP[5]_i_10_0
                         LUT6 (Prop_lut6_I1_O)        0.124    10.116 r  core_i/core_i/id_stage_i/register_file_i/BReg_DP[31]_i_22/O
                         net (fo=41, unplaced)        0.979    11.095    core_i/core_i/id_stage_i/register_file_i/alu_operand_b_ex_o_reg[4]
                         LUT6 (Prop_lut6_I4_O)        0.124    11.219 f  core_i/core_i/id_stage_i/register_file_i/BReg_DP[31]_i_13/O
                         net (fo=1, unplaced)         0.902    12.121    core_i/core_i/id_stage_i/register_file_i/BReg_DP[31]_i_13_n_0
                         LUT6 (Prop_lut6_I5_O)        0.124    12.245 f  core_i/core_i/id_stage_i/register_file_i/BReg_DP[31]_i_5/O
                         net (fo=5, unplaced)         0.930    13.175    core_i/core_i/id_stage_i/register_file_i/alu_en_ex_o_reg_15
                         LUT6 (Prop_lut6_I2_O)        0.124    13.299 r  core_i/core_i/id_stage_i/register_file_i/gen_rf[31].mem[31][23]_i_7/O
                         net (fo=27, unplaced)        0.969    14.268    core_i/core_i/id_stage_i/register_file_i/alu_operator_ex_o_reg[3]_4
                         LUT6 (Prop_lut6_I1_O)        0.124    14.392 r  core_i/core_i/id_stage_i/register_file_i/gen_rf[31].mem[31][1]_i_7/O
                         net (fo=1, unplaced)         0.000    14.392    core_i/core_i/id_stage_i/register_file_i/gen_rf[31].mem[31][1]_i_7_n_0
                         MUXF7 (Prop_muxf7_I1_O)      0.247    14.639 r  core_i/core_i/id_stage_i/register_file_i/gen_rf[31].mem_reg[31][1]_i_4/O
                         net (fo=1, unplaced)         0.452    15.091    core_i/core_i/id_stage_i/register_file_i/gen_rf[31].mem_reg[31][1]_i_4_n_0
                         LUT6 (Prop_lut6_I3_O)        0.298    15.389 r  core_i/core_i/id_stage_i/register_file_i/gen_rf[31].mem[31][1]_i_2/O
                         net (fo=36, unplaced)        0.523    15.912    core_i/core_i/id_stage_i/register_file_i/csr_access_ex_o_reg_1
                         LUT5 (Prop_lut5_I1_O)        0.124    16.036 f  core_i/core_i/id_stage_i/register_file_i/alu_operand_b_ex_o[1]_i_2/O
                         net (fo=5, unplaced)         0.477    16.513    core_i/core_i/ex_stage_i/mult_i/mult_operand_c_ex_o_reg[1]
                         LUT6 (Prop_lut6_I4_O)        0.124    16.637 r  core_i/core_i/ex_stage_i/mult_i/mult_operand_c_ex_o[1]_i_1/O
                         net (fo=1, unplaced)         0.000    16.637    core_i/core_i/id_stage_i/mult_operand_c_ex_o_reg[28]_0[0]
                         FDCE                                         r  core_i/core_i/id_stage_i/mult_operand_c_ex_o_reg[1]/D
  -------------------------------------------------------------------    -------------------

                         (clock clk_i rise edge)     14.000    14.000 r  
    Y9                                                0.000    14.000 r  clk_i (IN)
                         net (fo=0)                   0.000    14.000    clk_i
    Y9                   IBUF (Prop_ibuf_I_O)         1.420    15.420 r  clk_i_IBUF_inst/O
                         net (fo=1, unplaced)         0.760    16.179    clk_i_IBUF
                         BUFG (Prop_bufg_I_O)         0.091    16.270 r  clk_i_IBUF_BUFG_inst/O
                         net (fo=2106, unplaced)      0.439    16.709    core_i/core_i/id_stage_i/clk_i_IBUF_BUFG
                         FDCE                                         r  core_i/core_i/id_stage_i/mult_operand_c_ex_o_reg[1]/C
                         clock pessimism              0.121    16.830    
                         clock uncertainty           -0.035    16.795    
                         FDCE (Setup_fdce_C_D)        0.044    16.839    core_i/core_i/id_stage_i/mult_operand_c_ex_o_reg[1]
  -------------------------------------------------------------------
                         required time                         16.839    
                         arrival time                         -16.637    
  -------------------------------------------------------------------
                         slack                                  0.202    

Slack (MET) :             0.205ns  (required time - arrival time)
  Source:                 core_i/core_i/id_stage_i/alu_operand_a_ex_o_reg[31]/C
                            (rising edge-triggered cell FDCE clocked by clk_i  {rise@0.000ns fall@7.000ns period=14.000ns})
  Destination:            core_i/core_i/id_stage_i/alu_operand_a_ex_o_reg[13]/D
                            (rising edge-triggered cell FDCE clocked by clk_i  {rise@0.000ns fall@7.000ns period=14.000ns})
  Path Group:             clk_i
  Path Type:              Setup (Max at Slow Process Corner)
  Requirement:            14.000ns  (clk_i rise@14.000ns - clk_i rise@0.000ns)
  Data Path Delay:        13.659ns  (logic 2.676ns (19.591%)  route 10.983ns (80.409%))
  Logic Levels:           14  (LUT5=3 LUT6=10 MUXF7=1)
  Clock Path Skew:        -0.145ns (DCD - SCD + CPR)
    Destination Clock Delay (DCD):    2.709ns = ( 16.709 - 14.000 ) 
    Source Clock Delay      (SCD):    2.975ns
    Clock Pessimism Removal (CPR):    0.121ns
  Clock Uncertainty:      0.035ns  ((TSJ^2 + TIJ^2)^1/2 + DJ) / 2 + PE
    Total System Jitter     (TSJ):    0.071ns
    Total Input Jitter      (TIJ):    0.000ns
    Discrete Jitter          (DJ):    0.000ns
    Phase Error              (PE):    0.000ns

    Location             Delay type                Incr(ns)  Path(ns)    Netlist Resource(s)
  -------------------------------------------------------------------    -------------------
                         (clock clk_i rise edge)      0.000     0.000 r  
    Y9                                                0.000     0.000 r  clk_i (IN)
                         net (fo=0)                   0.000     0.000    clk_i
    Y9                   IBUF (Prop_ibuf_I_O)         1.490     1.490 r  clk_i_IBUF_inst/O
                         net (fo=1, unplaced)         0.800     2.290    clk_i_IBUF
                         BUFG (Prop_bufg_I_O)         0.101     2.391 r  clk_i_IBUF_BUFG_inst/O
                         net (fo=2106, unplaced)      0.584     2.975    core_i/core_i/id_stage_i/clk_i_IBUF_BUFG
                         FDCE                                         r  core_i/core_i/id_stage_i/alu_operand_a_ex_o_reg[31]/C
  -------------------------------------------------------------------    -------------------
                         FDCE (Prop_fdce_C_Q)         0.478     3.453 r  core_i/core_i/id_stage_i/alu_operand_a_ex_o_reg[31]/Q
                         net (fo=97, unplaced)        1.064     4.517    core_i/core_i/id_stage_i/Q[31]
                         LUT6 (Prop_lut6_I0_O)        0.295     4.812 f  core_i/core_i/id_stage_i/Cnt_DP[5]_i_38/O
                         net (fo=2, unplaced)         1.122     5.934    core_i/core_i/id_stage_i/register_file_i/Cnt_DP[4]_i_11
                         LUT5 (Prop_lut5_I0_O)        0.124     6.058 f  core_i/core_i/id_stage_i/register_file_i/Cnt_DP[5]_i_18/O
                         net (fo=5, unplaced)         1.139     7.197    core_i/core_i/id_stage_i/register_file_i/alu_operand_a_ex_o_reg[31]_0
                         LUT5 (Prop_lut5_I0_O)        0.124     7.321 r  core_i/core_i/id_stage_i/register_file_i/Cnt_DP[5]_i_10/O
                         net (fo=8, unplaced)         0.940     8.261    core_i/core_i/id_stage_i/ex_stage_i/alu_i/ff1_result[4]
                         LUT6 (Prop_lut6_I3_O)        0.124     8.385 r  core_i/core_i/id_stage_i/Cnt_DP[4]_i_6/O
                         net (fo=13, unplaced)        0.952     9.337    core_i/core_i/id_stage_i/register_file_i/ff1_result[0]
                         LUT6 (Prop_lut6_I2_O)        0.124     9.461 r  core_i/core_i/id_stage_i/register_file_i/Cnt_DP[4]_i_3/O
                         net (fo=50, unplaced)        0.531     9.992    core_i/core_i/id_stage_i/register_file_i/Cnt_DP[5]_i_10_0
                         LUT6 (Prop_lut6_I1_O)        0.124    10.116 r  core_i/core_i/id_stage_i/register_file_i/BReg_DP[31]_i_22/O
                         net (fo=41, unplaced)        0.979    11.095    core_i/core_i/id_stage_i/register_file_i/alu_operand_b_ex_o_reg[4]
                         LUT6 (Prop_lut6_I4_O)        0.124    11.219 f  core_i/core_i/id_stage_i/register_file_i/BReg_DP[31]_i_13/O
                         net (fo=1, unplaced)         0.902    12.121    core_i/core_i/id_stage_i/register_file_i/BReg_DP[31]_i_13_n_0
                         LUT6 (Prop_lut6_I5_O)        0.124    12.245 f  core_i/core_i/id_stage_i/register_file_i/BReg_DP[31]_i_5/O
                         net (fo=5, unplaced)         0.930    13.175    core_i/core_i/id_stage_i/register_file_i/alu_en_ex_o_reg_15
                         LUT6 (Prop_lut6_I2_O)        0.124    13.299 r  core_i/core_i/id_stage_i/register_file_i/gen_rf[31].mem[31][23]_i_7/O
                         net (fo=27, unplaced)        0.969    14.268    core_i/core_i/id_stage_i/register_file_i/alu_operator_ex_o_reg[3]_4
                         LUT6 (Prop_lut6_I1_O)        0.124    14.392 r  core_i/core_i/id_stage_i/register_file_i/gen_rf[31].mem[31][13]_i_8/O
                         net (fo=1, unplaced)         0.449    14.841    core_i/core_i/id_stage_i/register_file_i/gen_rf[31].mem[31][13]_i_8_n_0
                         LUT6 (Prop_lut6_I4_O)        0.124    14.965 r  core_i/core_i/id_stage_i/register_file_i/gen_rf[31].mem[31][13]_i_4/O
                         net (fo=1, unplaced)         0.000    14.965    core_i/core_i/id_stage_i/register_file_i/gen_rf[31].mem[31][13]_i_4_n_0
                         MUXF7 (Prop_muxf7_I0_O)      0.241    15.206 r  core_i/core_i/id_stage_i/register_file_i/gen_rf[31].mem_reg[31][13]_i_2/O
                         net (fo=34, unplaced)        0.525    15.731    core_i/core_i/id_stage_i/register_file_i/csr_access_ex_o_reg_12
                         LUT5 (Prop_lut5_I3_O)        0.298    16.029 f  core_i/core_i/id_stage_i/register_file_i/alu_operand_a_ex_o[13]_i_4/O
                         net (fo=6, unplaced)         0.481    16.510    core_i/core_i/id_stage_i/register_file_i/instr_rdata_id_o_reg[24]_6
                         LUT6 (Prop_lut6_I4_O)        0.124    16.634 r  core_i/core_i/id_stage_i/register_file_i/alu_operand_a_ex_o[13]_i_1/O
                         net (fo=1, unplaced)         0.000    16.634    core_i/core_i/id_stage_i/p_1_in__0[13]
                         FDCE                                         r  core_i/core_i/id_stage_i/alu_operand_a_ex_o_reg[13]/D
  -------------------------------------------------------------------    -------------------

                         (clock clk_i rise edge)     14.000    14.000 r  
    Y9                                                0.000    14.000 r  clk_i (IN)
                         net (fo=0)                   0.000    14.000    clk_i
    Y9                   IBUF (Prop_ibuf_I_O)         1.420    15.420 r  clk_i_IBUF_inst/O
                         net (fo=1, unplaced)         0.760    16.179    clk_i_IBUF
                         BUFG (Prop_bufg_I_O)         0.091    16.270 r  clk_i_IBUF_BUFG_inst/O
                         net (fo=2106, unplaced)      0.439    16.709    core_i/core_i/id_stage_i/clk_i_IBUF_BUFG
                         FDCE                                         r  core_i/core_i/id_stage_i/alu_operand_a_ex_o_reg[13]/C
                         clock pessimism              0.121    16.830    
                         clock uncertainty           -0.035    16.795    
                         FDCE (Setup_fdce_C_D)        0.044    16.839    core_i/core_i/id_stage_i/alu_operand_a_ex_o_reg[13]
  -------------------------------------------------------------------
                         required time                         16.839    
                         arrival time                         -16.634    
  -------------------------------------------------------------------
                         slack                                  0.205    




