Copyright 1986-2022 Xilinx, Inc. All Rights Reserved. Copyright 2022-2025 Advanced Micro Devices, Inc. All Rights Reserved.
----------------------------------------------------------------------------------------------------------------------------------------------------------------
| Tool Version : Vivado v.2025.2 (lin64) Build 6299465 Fri Nov 14 12:34:56 MST 2025
| Date         : Fri Jun 12 15:43:04 2026
| Host         : main running 64-bit Ubuntu 24.04.4 LTS
| Command      : report_utilization -hierarchical -file /home/jason/Desktop/ECE494-Microprocessor-Design/reports/no-mul-forwarding/utilization_hierarchical.rpt
| Design       : zedboard_cv32e40p_wrapper
| Device       : xc7z020clg484-1
| Speed File   : -1
| Design State : Synthesized
----------------------------------------------------------------------------------------------------------------------------------------------------------------

Utilization Design Information

Table of Contents
-----------------
1. Utilization by Hierarchy

1. Utilization by Hierarchy
---------------------------

+-------------------------------+--------------------------+------------+------------+---------+------+------+--------+--------+------------+
|            Instance           |          Module          | Total LUTs | Logic LUTs | LUTRAMs | SRLs |  FFs | RAMB36 | RAMB18 | DSP Blocks |
+-------------------------------+--------------------------+------------+------------+---------+------+------+--------+--------+------------+
| zedboard_cv32e40p_wrapper     |                    (top) |       4116 |       4116 |       0 |    0 | 2187 |      4 |      1 |          5 |
|   (zedboard_cv32e40p_wrapper) |                    (top) |          1 |          1 |       0 |    0 |    2 |      0 |      0 |          0 |
|   core_i                      |             cv32e40p_top |       4083 |       4083 |       0 |    0 | 2185 |      0 |      0 |          5 |
|     core_i                    |            cv32e40p_core |       4083 |       4083 |       0 |    0 | 2185 |      0 |      0 |          5 |
|       load_store_unit_i       | cv32e40p_load_store_unit |         66 |         66 |       0 |    0 |   40 |      0 |      0 |          0 |
|       cs_registers_i          |    cv32e40p_cs_registers |         91 |         91 |       0 |    0 |  461 |      0 |      0 |          0 |
|       ex_stage_i              |        cv32e40p_ex_stage |        426 |        426 |       0 |    0 |  156 |      0 |      0 |          5 |
|         (ex_stage_i)          |        cv32e40p_ex_stage |         92 |         92 |       0 |    0 |   44 |      0 |      0 |          0 |
|         alu_i                 |             cv32e40p_alu |        149 |        149 |       0 |    0 |  108 |      0 |      0 |          0 |
|           alu_div_i           |         cv32e40p_alu_div |        113 |        113 |       0 |    0 |  108 |      0 |      0 |          0 |
|         mult_i                |            cv32e40p_mult |        185 |        185 |       0 |    0 |    4 |      0 |      0 |          5 |
|       id_stage_i              |        cv32e40p_id_stage |       2885 |       2885 |       0 |    0 | 1336 |      0 |      0 |          0 |
|         (id_stage_i)          |        cv32e40p_id_stage |        623 |        623 |       0 |    0 |  238 |      0 |      0 |          0 |
|         controller_i          |      cv32e40p_controller |        258 |        258 |       0 |    0 |   11 |      0 |      0 |          0 |
|         register_file_i       |   cv32e40p_register_file |       2004 |       2004 |       0 |    0 | 1087 |      0 |      0 |          0 |
|       if_stage_i              |        cv32e40p_if_stage |        642 |        642 |       0 |    0 |  190 |      0 |      0 |          0 |
|         (if_stage_i)          |        cv32e40p_if_stage |        370 |        370 |       0 |    0 |   65 |      0 |      0 |          0 |
|         aligner_i             |         cv32e40p_aligner |        108 |        108 |       0 |    0 |   49 |      0 |      0 |          0 |
|         prefetch_buffer_i     | cv32e40p_prefetch_buffer |        164 |        164 |       0 |    0 |   76 |      0 |      0 |          0 |
|           fifo_i              |            cv32e40p_fifo |        149 |        149 |       0 |    0 |   68 |      0 |      0 |          0 |
+-------------------------------+--------------------------+------------+------------+---------+------+------+--------+--------+------------+


